<?xml version="1.0" encoding="utf-8"?>
<TestRun id="384d2fad-332c-4a45-a1e9-b21a7fa4bb31" name="moham@MOHAMMED-PC-PRO 2025-09-24 23:30:54" runUser="MOHAMMED-PC-PRO\moham" xmlns="http://microsoft.com/schemas/VisualStudio/TeamTest/2010">
  <Times creation="2025-09-24T23:30:54.5600893+02:00" queuing="2025-09-24T23:30:54.5600896+02:00" start="2025-09-24T23:30:53.2755018+02:00" finish="2025-09-24T23:30:54.5671111+02:00" />
  <TestSettings name="default" id="c7eed32f-5f9c-44b0-9ac1-f1443c555def">
    <Deployment runDeploymentRoot="moham_MOHAMMED-PC-PRO_2025-09-24_23_30_54" />
  </TestSettings>
  <Results>
    <UnitTestResult executionId="f3c34fde-8c6c-4781-985e-ff92955c680a" testId="3684b83c-78de-345c-83a3-bd47e8b7c6d5" testName="Pipelane.Tests.ChannelRulesServiceTests.WhatsappSession_Blocks_After_24h" computerName="MOHAMMED-PC-PRO" duration="00:00:00.4397464" startTime="2025-09-24T23:30:54.4535208+02:00" endTime="2025-09-24T23:30:54.4535330+02:00" testType="13cdc9d9-ddb5-4fa4-a97d-d965ccfc6d4b" outcome="Passed" testListId="8c84fa94-04c1-424b-9868-57a2d4851a1d" relativeResultsDirectory="f3c34fde-8c6c-4781-985e-ff92955c680a" />
    <UnitTestResult executionId="cbc20bbf-45be-4ccd-a26d-f386c9107f66" testId="21a8f532-79b4-7d76-8693-fec6ef593991" testName="Pipelane.Tests.ChannelRulesServiceTests.WhatsappSession_Allows_Within_24h" computerName="MOHAMMED-PC-PRO" duration="00:00:00.0238793" startTime="2025-09-24T23:30:54.4770124+02:00" endTime="2025-09-24T23:30:54.4770129+02:00" testType="13cdc9d9-ddb5-4fa4-a97d-d965ccfc6d4b" outcome="Passed" testListId="8c84fa94-04c1-424b-9868-57a2d4851a1d" relativeResultsDirectory="cbc20bbf-45be-4ccd-a26d-f386c9107f66" />
  </Results>
  <TestDefinitions>
    <UnitTest name="Pipelane.Tests.ChannelRulesServiceTests.WhatsappSession_Blocks_After_24h" storage="c:\users\moham\documents\data\2025\pipelane\tests\pipelane.tests\bin\debug\net8.0\pipelane.tests.dll" id="3684b83c-78de-345c-83a3-bd47e8b7c6d5">
      <Execution id="f3c34fde-8c6c-4781-985e-ff92955c680a" />
      <TestMethod codeBase="C:\Users\moham\Documents\DATA\2025\Pipelane\tests\Pipelane.Tests\bin\Debug\net8.0\Pipelane.Tests.dll" adapterTypeName="executor://xunit/VsTestRunner2/netcoreapp" className="Pipelane.Tests.ChannelRulesServiceTests" name="WhatsappSession_Blocks_After_24h" />
    </UnitTest>
    <UnitTest name="Pipelane.Tests.ChannelRulesServiceTests.WhatsappSession_Allows_Within_24h" storage="c:\users\moham\documents\data\2025\pipelane\tests\pipelane.tests\bin\debug\net8.0\pipelane.tests.dll" id="21a8f532-79b4-7d76-8693-fec6ef593991">
      <Execution id="cbc20bbf-45be-4ccd-a26d-f386c9107f66" />
      <TestMethod codeBase="C:\Users\moham\Documents\DATA\2025\Pipelane\tests\Pipelane.Tests\bin\Debug\net8.0\Pipelane.Tests.dll" adapterTypeName="executor://xunit/VsTestRunner2/netcoreapp" className="Pipelane.Tests.ChannelRulesServiceTests" name="WhatsappSession_Allows_Within_24h" />
    </UnitTest>
  </TestDefinitions>
  <TestEntries>
    <TestEntry testId="3684b83c-78de-345c-83a3-bd47e8b7c6d5" executionId="f3c34fde-8c6c-4781-985e-ff92955c680a" testListId="8c84fa94-04c1-424b-9868-57a2d4851a1d" />
    <TestEntry testId="21a8f532-79b4-7d76-8693-fec6ef593991" executionId="cbc20bbf-45be-4ccd-a26d-f386c9107f66" testListId="8c84fa94-04c1-424b-9868-57a2d4851a1d" />
  </TestEntries>
  <TestLists>
    <TestList name="Les résultats ne figurent pas dans une liste" id="8c84fa94-04c1-424b-9868-57a2d4851a1d" />
    <TestList name="Tous les résultats chargés" id="19431567-8539-422a-85d7-44ee4e166bda" />
  </TestLists>
  <ResultSummary outcome="Completed">
    <Counters total="2" executed="2" passed="2" failed="0" error="0" timeout="0" aborted="0" inconclusive="0" passedButRunAborted="0" notRunnable="0" notExecuted="0" disconnected="0" warning="0" completed="0" inProgress="0" pending="0" />
    <Output>
      <StdOut>[xUnit.net 00:00:00.00] xUnit.net VSTest Adapter v2.8.2+699d445a1a (64-bit .NET 8.0.20)&#xD;
[xUnit.net 00:00:00.21]   Discovering: Pipelane.Tests&#xD;
[xUnit.net 00:00:00.24]   Discovered:  Pipelane.Tests&#xD;
[xUnit.net 00:00:00.24]   Starting:    Pipelane.Tests&#xD;
[xUnit.net 00:00:00.74]   Finished:    Pipelane.Tests&#xD;
</StdOut>
    </Output>
  </ResultSummary>
</TestRun>